Build started Sun 23 04 17 2:45:32 PM.
     1>Project "C:\Users\Venom\Desktop\U1610183 OOP PROJECT\Project1\Project1.vcxproj" on node 2 (Build target(s)).
     1>ClCompile:
         C:\Program Files (x86)\Microsoft Visual Studio 12.0\VC\bin\CL.exe /c /I"C:\SFML-2.4.1\include" /ZI /nologo /W3 /WX- /sdl /Od /Oy- /D _USING_V110_SDK71_ /D _MBCS /Gm /EHsc /RTC1 /MD /GS /fp:precise /Zc:wchar_t /Zc:forScope /Fo"Debug\\" /Fd"Debug\vc120.pdb" /Gd /TP /analyze- /errorReport:prompt Source.cpp
         Source.cpp
     1>c:\users\venom\desktop\u1610183 oop project\project1\source.cpp(85): warning C4244: 'argument' : conversion from 'int' to 'float', possible loss of data
     1>c:\users\venom\desktop\u1610183 oop project\project1\source.cpp(120): warning C4244: '=' : conversion from 'int' to 'float', possible loss of data
     1>c:\users\venom\desktop\u1610183 oop project\project1\source.cpp(122): warning C4244: '=' : conversion from 'int' to 'float', possible loss of data
     1>c:\users\venom\desktop\u1610183 oop project\project1\source.cpp(144): warning C4244: '=' : conversion from 'int' to 'float', possible loss of data
     1>c:\users\venom\desktop\u1610183 oop project\project1\source.cpp(145): warning C4244: '=' : conversion from 'int' to 'float', possible loss of data
     1>c:\users\venom\desktop\u1610183 oop project\project1\source.cpp(276): warning C4305: 'argument' : truncation from 'double' to 'float'
     1>c:\users\venom\desktop\u1610183 oop project\project1\source.cpp(313): warning C4551: function call missing argument list
     1>c:\users\venom\desktop\u1610183 oop project\project1\source.cpp(415): warning C4551: function call missing argument list
     1>c:\users\venom\desktop\u1610183 oop project\project1\source.cpp(559): warning C4551: function call missing argument list
     1>c:\users\venom\desktop\u1610183 oop project\project1\source.cpp(634): warning C4551: function call missing argument list
     1>c:\users\venom\desktop\u1610183 oop project\project1\source.cpp(732): warning C4551: function call missing argument list
     1>c:\users\venom\desktop\u1610183 oop project\project1\source.cpp(750): warning C4018: '<' : signed/unsigned mismatch
     1>c:\users\venom\desktop\u1610183 oop project\project1\source.cpp(763): warning C4018: '<' : signed/unsigned mismatch
     1>c:\users\venom\desktop\u1610183 oop project\project1\source.cpp(786): warning C4244: 'argument' : conversion from 'const int' to 'float', possible loss of data
     1>c:\users\venom\desktop\u1610183 oop project\project1\source.cpp(796): warning C4551: function call missing argument list
     1>c:\users\venom\desktop\u1610183 oop project\project1\source.cpp(804): warning C4244: 'argument' : conversion from 'int' to 'float', possible loss of data
     1>c:\users\venom\desktop\u1610183 oop project\project1\source.cpp(828): warning C4305: 'argument' : truncation from 'double' to 'float'
     1>c:\users\venom\desktop\u1610183 oop project\project1\source.cpp(829): warning C4305: 'argument' : truncation from 'double' to 'float'
     1>c:\users\venom\desktop\u1610183 oop project\project1\source.cpp(830): warning C4305: 'argument' : truncation from 'double' to 'float'
     1>c:\users\venom\desktop\u1610183 oop project\project1\source.cpp(837): warning C4244: 'argument' : conversion from 'time_t' to 'unsigned int', possible loss of data
     1>c:\users\venom\desktop\u1610183 oop project\project1\source.cpp(842): warning C4244: 'argument' : conversion from 'int' to 'float', possible loss of data
     1>c:\users\venom\desktop\u1610183 oop project\project1\source.cpp(869): warning C4244: 'argument' : conversion from 'float' to 'int', possible loss of data
     1>c:\users\venom\desktop\u1610183 oop project\project1\source.cpp(878): warning C4244: '=' : conversion from 'int' to 'float', possible loss of data
     1>c:\users\venom\desktop\u1610183 oop project\project1\source.cpp(879): warning C4244: '=' : conversion from 'int' to 'float', possible loss of data
     1>c:\users\venom\desktop\u1610183 oop project\project1\source.cpp(888): warning C4551: function call missing argument list
     1>c:\users\venom\desktop\u1610183 oop project\project1\source.cpp(894): warning C4244: 'argument' : conversion from 'float' to 'int', possible loss of data
     1>c:\users\venom\desktop\u1610183 oop project\project1\source.cpp(900): warning C4551: function call missing argument list
     1>c:\users\venom\desktop\u1610183 oop project\project1\source.cpp(909): warning C4244: '=' : conversion from 'int' to 'float', possible loss of data
     1>c:\users\venom\desktop\u1610183 oop project\project1\source.cpp(910): warning C4244: '=' : conversion from 'int' to 'float', possible loss of data
     1>c:\users\venom\desktop\u1610183 oop project\project1\source.cpp(926): warning C4244: 'argument' : conversion from 'float' to 'int', possible loss of data
     1>c:\users\venom\desktop\u1610183 oop project\project1\source.cpp(935): warning C4244: 'argument' : conversion from 'int' to 'float', possible loss of data
     1>c:\users\venom\desktop\u1610183 oop project\project1\source.cpp(935): warning C4244: 'argument' : conversion from 'float' to 'int', possible loss of data
     1>c:\users\venom\desktop\u1610183 oop project\project1\source.cpp(953): warning C4244: 'argument' : conversion from 'float' to 'int', possible loss of data
     1>c:\users\venom\desktop\u1610183 oop project\project1\source.cpp(980): warning C4244: 'argument' : conversion from 'int' to 'float', possible loss of data
     1>c:\users\venom\desktop\u1610183 oop project\project1\source.cpp(1044): warning C4244: '=' : conversion from 'double' to 'int', possible loss of data
     1>c:\users\venom\desktop\u1610183 oop project\project1\source.cpp(1188): warning C4551: function call missing argument list
     1>C:\Program Files (x86)\MSBuild\Microsoft.Cpp\v4.0\V120\Microsoft.CppBuild.targets(1190,5): warning MSB8030: The linker switch "Minimum Required Version" requires "SubSystem" to be set.  Without "SubSystem", the "Minimum Required Version" would not be passed to linker and could prevent to the output binary from running on older Operating Systems.
       Link:
         C:\Program Files (x86)\Microsoft Visual Studio 12.0\VC\bin\link.exe /ERRORREPORT:PROMPT /OUT:"C:\Users\Venom\Desktop\U1610183 OOP PROJECT\Debug\Project1.exe" /INCREMENTAL /NOLOGO /LIBPATH:"C:\SFML-2.4.1\lib" "sfml-main.lib" "sfml-audio.lib" "sfml-graphics.lib" "sfml-network.lib" "sfml-system.lib" "sfml-window.lib" kernel32.lib user32.lib gdi32.lib winspool.lib comdlg32.lib advapi32.lib shell32.lib ole32.lib oleaut32.lib uuid.lib odbc32.lib odbccp32.lib /MANIFEST /MANIFESTUAC:"level='asInvoker' uiAccess='false'" /manifest:embed /DEBUG /PDB:"C:\Users\Venom\Desktop\U1610183 OOP PROJECT\Debug\Project1.pdb" /TLBID:1 /DYNAMICBASE /NXCOMPAT /IMPLIB:"C:\Users\Venom\Desktop\U1610183 OOP PROJECT\Debug\Project1.lib" /MACHINE:X86 Debug\Source.obj
         Project1.vcxproj -> C:\Users\Venom\Desktop\U1610183 OOP PROJECT\Debug\Project1.exe
     1>Done Building Project "C:\Users\Venom\Desktop\U1610183 OOP PROJECT\Project1\Project1.vcxproj" (Build target(s)).

Build succeeded.

Time Elapsed 00:00:01.67
